<?xml version="1.0" encoding="UTF-8"?>
<!-- Generated by org.testng.reporters.JUnitReportReporter -->
<testsuite hostname="Roni" failures="0" tests="5" name="test_script.Desktop_test" time="15.295" errors="0" timestamp="2024-03-11T18:43:57 IST" skipped="0">
  <testcase classname="test_script.Desktop_test" name="end_end1" time="2.919"/>
  <system-out/>
  <testcase classname="test_script.Desktop_test" name="end_end2" time="6.226"/>
  <system-out/>
  <testcase classname="test_script.Desktop_test" name="end_end3" time="1.767"/>
  <system-out/>
  <testcase classname="test_script.Desktop_test" name="end_end4" time="2.443"/>
  <system-out/>
  <testcase classname="test_script.Desktop_test" name="end_end5" time="1.940"/>
  <system-out/>
</testsuite> <!-- test_script.Desktop_test -->
